<?xml version="1.0" encoding="UTF-8"?>
<testsuite xmlns:xsi="http://www.w3.org/2001/XMLSchema-instance" xsi:noNamespaceSchemaLocation="https://maven.apache.org/surefire/maven-surefire-plugin/xsd/surefire-test-report-3.0.xsd" version="3.0" name="org.openhab.binding.broadlink.internal.BroadlinkProtocolTest" time="0.001" tests="1" errors="0" skipped="0" failures="0">
  <properties>
    <property name="sun.desktop" value="windows"/>
    <property name="awt.toolkit" value="sun.awt.windows.WToolkit"/>
    <property name="java.specification.version" value="11"/>
    <property name="sun.cpu.isalist" value="amd64"/>
    <property name="sun.jnu.encoding" value="Cp1252"/>
    <property name="java.class.path" value="C:\Users\poper\Documents\Development\openhab2-addons-broadlink_binding_3.x\bundles\org.openhab.binding.broadlink\target\test-classes;C:\Users\poper\Documents\Development\openhab2-addons-broadlink_binding_3.x\bundles\org.openhab.binding.broadlink\target\classes;C:\Users\poper\.m2\repository\org\lastnpe\eea\eea-all\2.2.1\eea-all-2.2.1.jar;C:\Users\poper\.m2\repository\org\osgi\osgi.core\6.0.0\osgi.core-6.0.0.jar;C:\Users\poper\.m2\repository\org\osgi\osgi.cmpn\7.0.0\osgi.cmpn-7.0.0.jar;C:\Users\poper\.m2\repository\org\osgi\osgi.annotation\7.0.0\osgi.annotation-7.0.0.jar;C:\Users\poper\.m2\repository\org\slf4j\slf4j-api\1.7.21\slf4j-api-1.7.21.jar;C:\Users\poper\.m2\repository\org\eclipse\jdt\org.eclipse.jdt.annotation\2.2.100\org.eclipse.jdt.annotation-2.2.100.jar;C:\Users\poper\.m2\repository\javax\annotation\javax.annotation-api\1.2\javax.annotation-api-1.2.jar;C:\Users\poper\.m2\repository\commons-io\commons-io\2.2\commons-io-2.2.jar;C:\Users\poper\.m2\repository\commons-lang\commons-lang\2.6\commons-lang-2.6.jar;C:\Users\poper\.m2\repository\org\eclipse\californium\californium-core\2.0.0\californium-core-2.0.0.jar;C:\Users\poper\.m2\repository\org\eclipse\californium\scandium\2.0.0\scandium-2.0.0.jar;C:\Users\poper\.m2\repository\org\eclipse\californium\element-connector\2.0.0\element-connector-2.0.0.jar;C:\Users\poper\.m2\repository\org\eclipse\orbit\bundles\com.google.gson\2.8.2.v20180104-1110\com.google.gson-2.8.2.v20180104-1110.jar;C:\Users\poper\.m2\repository\com\igormaznitsa\jbbp\1.4.1\jbbp-1.4.1.jar;C:\Users\poper\.m2\repository\org\eclipse\jetty\jetty-client\9.4.20.v20190813\jetty-client-9.4.20.v20190813.jar;C:\Users\poper\.m2\repository\org\eclipse\jetty\jetty-http\9.4.20.v20190813\jetty-http-9.4.20.v20190813.jar;C:\Users\poper\.m2\repository\org\eclipse\jetty\jetty-io\9.4.20.v20190813\jetty-io-9.4.20.v20190813.jar;C:\Users\poper\.m2\repository\org\eclipse\jetty\jetty-proxy\9.4.20.v20190813\jetty-proxy-9.4.20.v20190813.jar;C:\Users\poper\.m2\repository\org\eclipse\jetty\jetty-util\9.4.20.v20190813\jetty-util-9.4.20.v20190813.jar;C:\Users\poper\.m2\repository\org\eclipse\jetty\jetty-server\9.4.20.v20190813\jetty-server-9.4.20.v20190813.jar;C:\Users\poper\.m2\repository\javax\servlet\javax.servlet-api\3.1.0\javax.servlet-api-3.1.0.jar;C:\Users\poper\.m2\repository\org\eclipse\jetty\jetty-servlet\9.4.20.v20190813\jetty-servlet-9.4.20.v20190813.jar;C:\Users\poper\.m2\repository\org\eclipse\jetty\jetty-security\9.4.20.v20190813\jetty-security-9.4.20.v20190813.jar;C:\Users\poper\.m2\repository\org\eclipse\jetty\websocket\websocket-client\9.4.20.v20190813\websocket-client-9.4.20.v20190813.jar;C:\Users\poper\.m2\repository\org\eclipse\jetty\jetty-xml\9.4.20.v20190813\jetty-xml-9.4.20.v20190813.jar;C:\Users\poper\.m2\repository\org\eclipse\jetty\websocket\websocket-common\9.4.20.v20190813\websocket-common-9.4.20.v20190813.jar;C:\Users\poper\.m2\repository\org\eclipse\jetty\websocket\websocket-api\9.4.20.v20190813\websocket-api-9.4.20.v20190813.jar;C:\Users\poper\.m2\repository\org\jmdns\jmdns\3.5.6\jmdns-3.5.6.jar;C:\Users\poper\.m2\repository\org\jupnp\org.jupnp\2.5.2\org.jupnp-2.5.2.jar;C:\Users\poper\.m2\repository\javax\measure\unit-api\1.0\unit-api-1.0.jar;C:\Users\poper\.m2\repository\tec\uom\uom-se\1.0.10\uom-se-1.0.10.jar;C:\Users\poper\.m2\repository\tec\uom\lib\uom-lib-common\1.0.3\uom-lib-common-1.0.3.jar;C:\Users\poper\.m2\repository\com\hivemq\hivemq-mqtt-client\1.1.2\hivemq-mqtt-client-1.1.2.jar;C:\Users\poper\.m2\repository\io\reactivex\rxjava2\rxjava\2.2.5\rxjava-2.2.5.jar;C:\Users\poper\.m2\repository\org\reactivestreams\reactive-streams\1.0.2\reactive-streams-1.0.2.jar;C:\Users\poper\.m2\repository\io\netty\netty-handler\4.1.32.Final\netty-handler-4.1.32.Final.jar;C:\Users\poper\.m2\repository\io\netty\netty-buffer\4.1.32.Final\netty-buffer-4.1.32.Final.jar;C:\Users\poper\.m2\repository\io\netty\netty-transport\4.1.32.Final\netty-transport-4.1.32.Final.jar;C:\Users\poper\.m2\repository\io\netty\netty-resolver\4.1.32.Final\netty-resolver-4.1.32.Final.jar;C:\Users\poper\.m2\repository\io\netty\netty-codec\4.1.32.Final\netty-codec-4.1.32.Final.jar;C:\Users\poper\.m2\repository\io\netty\netty-codec-http\4.1.32.Final\netty-codec-http-4.1.32.Final.jar;C:\Users\poper\.m2\repository\io\netty\netty-transport-native-epoll\4.1.32.Final\netty-transport-native-epoll-4.1.32.Final-linux-x86_64.jar;C:\Users\poper\.m2\repository\io\netty\netty-common\4.1.32.Final\netty-common-4.1.32.Final.jar;C:\Users\poper\.m2\repository\io\netty\netty-transport-native-unix-common\4.1.32.Final\netty-transport-native-unix-common-4.1.32.Final.jar;C:\Users\poper\.m2\repository\org\jctools\jctools-core\2.1.2\jctools-core-2.1.2.jar;C:\Users\poper\.m2\repository\org\jetbrains\annotations\16.0.3\annotations-16.0.3.jar;C:\Users\poper\.m2\repository\com\google\dagger\dagger\2.20\dagger-2.20.jar;C:\Users\poper\.m2\repository\javax\inject\javax.inject\1\javax.inject-1.jar;C:\Users\poper\.m2\repository\org\vesalainen\comm\javaxcomm\1.0.1\javaxcomm-1.0.1.jar;C:\Users\poper\.m2\repository\org\vesalainen\comm\1.0.2\comm-1.0.2.jar;C:\Users\poper\.m2\repository\org\vesalainen\dev\1.0.0\dev-1.0.0.jar;C:\Users\poper\.m2\repository\org\vesalainen\util\1.0.5\util-1.0.5.jar;C:\Users\poper\.m2\repository\com\googlecode\efficient-java-matrix-library\equation\0.26\equation-0.26.jar;C:\Users\poper\.m2\repository\com\googlecode\efficient-java-matrix-library\core\0.26\core-0.26.jar;C:\Users\poper\.m2\repository\log4j\log4j\1.2.17\log4j-1.2.17.jar;C:\Users\poper\.m2\repository\com\neuronrobotics\nrjavaserial\3.14.0\nrjavaserial-3.14.0.jar;C:\Users\poper\.m2\repository\org\apache\felix\org.apache.felix.http.servlet-api\1.1.2\org.apache.felix.http.servlet-api-1.1.2.jar;C:\Users\poper\.m2\repository\org\apache\tomcat\tomcat-servlet-api\8.0.9\tomcat-servlet-api-8.0.9.jar;C:\Users\poper\.m2\repository\org\apache\aries\spec\org.apache.aries.javax.jax.rs-api\1.0.0\org.apache.aries.javax.jax.rs-api-1.0.0.jar;C:\Users\poper\.m2\repository\org\apache\geronimo\specs\geronimo-osgi-locator\1.0\geronimo-osgi-locator-1.0.jar;C:\Users\poper\.m2\repository\io\swagger\core\v3\swagger-annotations\2.1.0\swagger-annotations-2.1.0.jar;C:\Users\poper\.m2\repository\io\swagger\core\v3\swagger-core\2.1.0\swagger-core-2.1.0.jar;C:\Users\poper\.m2\repository\org\apache\commons\commons-lang3\3.7\commons-lang3-3.7.jar;C:\Users\poper\.m2\repository\com\fasterxml\jackson\core\jackson-annotations\2.10.1\jackson-annotations-2.10.1.jar;C:\Users\poper\.m2\repository\com\fasterxml\jackson\core\jackson-databind\2.10.1\jackson-databind-2.10.1.jar;C:\Users\poper\.m2\repository\com\fasterxml\jackson\core\jackson-core\2.10.1\jackson-core-2.10.1.jar;C:\Users\poper\.m2\repository\com\fasterxml\jackson\dataformat\jackson-dataformat-yaml\2.10.1\jackson-dataformat-yaml-2.10.1.jar;C:\Users\poper\.m2\repository\org\yaml\snakeyaml\1.24\snakeyaml-1.24.jar;C:\Users\poper\.m2\repository\com\fasterxml\jackson\datatype\jackson-datatype-jsr310\2.10.1\jackson-datatype-jsr310-2.10.1.jar;C:\Users\poper\.m2\repository\io\swagger\core\v3\swagger-models\2.1.0\swagger-models-2.1.0.jar;C:\Users\poper\.m2\repository\javax\validation\validation-api\1.1.0.Final\validation-api-1.1.0.Final.jar;C:\Users\poper\.m2\repository\io\swagger\core\v3\swagger-jaxrs2\2.1.0\swagger-jaxrs2-2.1.0.jar;C:\Users\poper\.m2\repository\io\github\classgraph\classgraph\4.6.32\classgraph-4.6.32.jar;C:\Users\poper\.m2\repository\org\javassist\javassist\3.22.0-GA\javassist-3.22.0-GA.jar;C:\Users\poper\.m2\repository\io\swagger\core\v3\swagger-integration\2.1.0\swagger-integration-2.1.0.jar;C:\Users\poper\.m2\repository\com\fasterxml\jackson\jaxrs\jackson-jaxrs-json-provider\2.10.1\jackson-jaxrs-json-provider-2.10.1.jar;C:\Users\poper\.m2\repository\com\fasterxml\jackson\jaxrs\jackson-jaxrs-base\2.10.1\jackson-jaxrs-base-2.10.1.jar;C:\Users\poper\.m2\repository\com\fasterxml\jackson\module\jackson-module-jaxb-annotations\2.10.1\jackson-module-jaxb-annotations-2.10.1.jar;C:\Users\poper\.m2\repository\com\thoughtworks\xstream\xstream\1.4.15\xstream-1.4.15.jar;C:\Users\poper\.m2\repository\xmlpull\xmlpull\1.1.3.1\xmlpull-1.1.3.1.jar;C:\Users\poper\.m2\repository\xpp3\xpp3_min\1.1.4c\xpp3_min-1.1.4c.jar;C:\Users\poper\.m2\repository\de\jollyday\jollyday\0.5.10\jollyday-0.5.10.jar;C:\Users\poper\.m2\repository\org\threeten\threeten-extra\1.5.0\threeten-extra-1.5.0.jar;C:\Users\poper\.m2\repository\jakarta\xml\bind\jakarta.xml.bind-api\2.3.3\jakarta.xml.bind-api-2.3.3.jar;C:\Users\poper\.m2\repository\org\apache\servicemix\specs\org.apache.servicemix.specs.saaj-api-1.4\1.4_2\org.apache.servicemix.specs.saaj-api-1.4-1.4_2.jar;C:\Users\poper\.m2\repository\org\bitbucket\b_c\jose4j\0.7.0\jose4j-0.7.0.jar;C:\Users\poper\.m2\repository\org\openhab\core\bundles\org.openhab.core.test\3.1.0-SNAPSHOT\org.openhab.core.test-3.1.0-SNAPSHOT.jar;C:\Users\poper\.m2\repository\org\openhab\core\bundles\org.openhab.core.test.magic\3.1.0-SNAPSHOT\org.openhab.core.test.magic-3.1.0-SNAPSHOT.jar;C:\Users\poper\.m2\repository\org\openhab\core\bundles\org.openhab.core\3.1.0-SNAPSHOT\org.openhab.core-3.1.0-SNAPSHOT.jar;C:\Users\poper\.m2\repository\org\openhab\core\bundles\org.openhab.core.karaf\3.1.0-SNAPSHOT\org.openhab.core.karaf-3.1.0-SNAPSHOT.jar;C:\Users\poper\.m2\repository\org\openhab\core\bundles\org.openhab.core.thing\3.1.0-SNAPSHOT\org.openhab.core.thing-3.1.0-SNAPSHOT.jar;C:\Users\poper\.m2\repository\org\openhab\core\bundles\org.openhab.core.audio\3.1.0-SNAPSHOT\org.openhab.core.audio-3.1.0-SNAPSHOT.jar;C:\Users\poper\.m2\repository\javazoom\jlayer\1.0.1\jlayer-1.0.1.jar;C:\Users\poper\.m2\repository\org\openhab\core\bundles\org.openhab.core.ephemeris\3.1.0-SNAPSHOT\org.openhab.core.ephemeris-3.1.0-SNAPSHOT.jar;C:\Users\poper\.m2\repository\org\openhab\core\bundles\org.openhab.core.voice\3.1.0-SNAPSHOT\org.openhab.core.voice-3.1.0-SNAPSHOT.jar;C:\Users\poper\.m2\repository\org\openhab\core\bundles\org.openhab.core.binding.xml\3.1.0-SNAPSHOT\org.openhab.core.binding.xml-3.1.0-SNAPSHOT.jar;C:\Users\poper\.m2\repository\org\openhab\core\bundles\org.openhab.core.id\3.1.0-SNAPSHOT\org.openhab.core.id-3.1.0-SNAPSHOT.jar;C:\Users\poper\.m2\repository\org\openhab\core\bundles\org.openhab.core.persistence\3.1.0-SNAPSHOT\org.openhab.core.persistence-3.1.0-SNAPSHOT.jar;C:\Users\poper\.m2\repository\org\openhab\core\bundles\org.openhab.core.semantics\3.1.0-SNAPSHOT\org.openhab.core.semantics-3.1.0-SNAPSHOT.jar;C:\Users\poper\.m2\repository\org\openhab\core\bundles\org.openhab.core.thing.xml\3.1.0-SNAPSHOT\org.openhab.core.thing.xml-3.1.0-SNAPSHOT.jar;C:\Users\poper\.m2\repository\org\openhab\core\bundles\org.openhab.core.transform\3.1.0-SNAPSHOT\org.openhab.core.transform-3.1.0-SNAPSHOT.jar;C:\Users\poper\.m2\repository\org\openhab\core\bundles\org.openhab.core.auth.jaas\3.1.0-SNAPSHOT\org.openhab.core.auth.jaas-3.1.0-SNAPSHOT.jar;C:\Users\poper\.m2\repository\org\openhab\core\bundles\org.openhab.core.auth.oauth2client\3.1.0-SNAPSHOT\org.openhab.core.auth.oauth2client-3.1.0-SNAPSHOT.jar;C:\Users\poper\.m2\repository\org\openhab\core\bundles\org.openhab.core.io.net\3.1.0-SNAPSHOT\org.openhab.core.io.net-3.1.0-SNAPSHOT.jar;C:\Users\poper\.m2\repository\org\openhab\core\bundles\org.openhab.core.io.bin2json\3.1.0-SNAPSHOT\org.openhab.core.io.bin2json-3.1.0-SNAPSHOT.jar;C:\Users\poper\.m2\repository\org\openhab\core\bundles\org.openhab.core.io.console\3.1.0-SNAPSHOT\org.openhab.core.io.console-3.1.0-SNAPSHOT.jar;C:\Users\poper\.m2\repository\org\openhab\core\bundles\org.openhab.core.io.http\3.1.0-SNAPSHOT\org.openhab.core.io.http-3.1.0-SNAPSHOT.jar;C:\Users\poper\.m2\repository\org\openhab\core\bundles\org.openhab.core.io.rest\3.1.0-SNAPSHOT\org.openhab.core.io.rest-3.1.0-SNAPSHOT.jar;C:\Users\poper\.m2\repository\org\openhab\core\bundles\org.openhab.core.io.transport.mdns\3.1.0-SNAPSHOT\org.openhab.core.io.transport.mdns-3.1.0-SNAPSHOT.jar;C:\Users\poper\.m2\repository\org\openhab\core\bundles\org.openhab.core.io.transport.modbus\3.1.0-SNAPSHOT\org.openhab.core.io.transport.modbus-3.1.0-SNAPSHOT.jar;C:\Users\poper\.m2\repository\org\apache\commons\commons-pool2\2.8.1\commons-pool2-2.8.1.jar;C:\Users\poper\.m2\repository\net\wimpi\jamod\1.3.1.OH\jamod-1.3.1.OH.jar;C:\Users\poper\.m2\repository\org\openhab\core\bundles\org.openhab.core.io.transport.serial\3.1.0-SNAPSHOT\org.openhab.core.io.transport.serial-3.1.0-SNAPSHOT.jar;C:\Users\poper\.m2\repository\org\openhab\core\bundles\org.openhab.core.io.console.eclipse\3.1.0-SNAPSHOT\org.openhab.core.io.console.eclipse-3.1.0-SNAPSHOT.jar;C:\Users\poper\.m2\repository\org\openhab\core\bundles\org.openhab.core.io.console.rfc147\3.1.0-SNAPSHOT\org.openhab.core.io.console.rfc147-3.1.0-SNAPSHOT.jar;C:\Users\poper\.m2\repository\org\openhab\core\bundles\org.openhab.core.io.console.karaf\3.1.0-SNAPSHOT\org.openhab.core.io.console.karaf-3.1.0-SNAPSHOT.jar;C:\Users\poper\.m2\repository\org\openhab\core\bundles\org.openhab.core.io.http.auth\3.1.0-SNAPSHOT\org.openhab.core.io.http.auth-3.1.0-SNAPSHOT.jar;C:\Users\poper\.m2\repository\org\openhab\core\bundles\org.openhab.core.io.http.auth.basic\3.1.0-SNAPSHOT\org.openhab.core.io.http.auth.basic-3.1.0-SNAPSHOT.jar;C:\Users\poper\.m2\repository\org\openhab\core\bundles\org.openhab.core.io.monitor\3.1.0-SNAPSHOT\org.openhab.core.io.monitor-3.1.0-SNAPSHOT.jar;C:\Users\poper\.m2\repository\io\micrometer\micrometer-core\1.6.3\micrometer-core-1.6.3.jar;C:\Users\poper\.m2\repository\org\hdrhistogram\HdrHistogram\2.1.12\HdrHistogram-2.1.12.jar;C:\Users\poper\.m2\repository\org\latencyutils\LatencyUtils\2.0.3\LatencyUtils-2.0.3.jar;C:\Users\poper\.m2\repository\org\openhab\core\bundles\org.openhab.core.io.rest.audio\3.1.0-SNAPSHOT\org.openhab.core.io.rest.audio-3.1.0-SNAPSHOT.jar;C:\Users\poper\.m2\repository\org\openhab\core\bundles\org.openhab.core.io.rest.auth\3.1.0-SNAPSHOT\org.openhab.core.io.rest.auth-3.1.0-SNAPSHOT.jar;C:\Users\poper\.m2\repository\org\openhab\core\bundles\org.openhab.core.io.rest.core\3.1.0-SNAPSHOT\org.openhab.core.io.rest.core-3.1.0-SNAPSHOT.jar;C:\Users\poper\.m2\repository\org\openhab\core\bundles\org.openhab.core.io.rest.log\3.1.0-SNAPSHOT\org.openhab.core.io.rest.log-3.1.0-SNAPSHOT.jar;C:\Users\poper\.m2\repository\org\openhab\core\bundles\org.openhab.core.io.rest.mdns\3.1.0-SNAPSHOT\org.openhab.core.io.rest.mdns-3.1.0-SNAPSHOT.jar;C:\Users\poper\.m2\repository\org\openhab\core\bundles\org.openhab.core.io.rest.sitemap\3.1.0-SNAPSHOT\org.openhab.core.io.rest.sitemap-3.1.0-SNAPSHOT.jar;C:\Users\poper\.m2\repository\org\openhab\core\bundles\org.openhab.core.io.rest.sse\3.1.0-SNAPSHOT\org.openhab.core.io.rest.sse-3.1.0-SNAPSHOT.jar;C:\Users\poper\.m2\repository\org\openhab\core\bundles\org.openhab.core.io.rest.swagger\3.1.0-SNAPSHOT\org.openhab.core.io.rest.swagger-3.1.0-SNAPSHOT.jar;C:\Users\poper\.m2\repository\org\openhab\core\bundles\org.openhab.core.io.rest.ui\3.1.0-SNAPSHOT\org.openhab.core.io.rest.ui-3.1.0-SNAPSHOT.jar;C:\Users\poper\.m2\repository\org\openhab\core\bundles\org.openhab.core.io.rest.voice\3.1.0-SNAPSHOT\org.openhab.core.io.rest.voice-3.1.0-SNAPSHOT.jar;C:\Users\poper\.m2\repository\org\openhab\core\bundles\org.openhab.core.io.transport.mqtt\3.1.0-SNAPSHOT\org.openhab.core.io.transport.mqtt-3.1.0-SNAPSHOT.jar;C:\Users\poper\.m2\repository\org\openhab\core\bundles\org.openhab.core.io.transport.serial.javacomm\3.1.0-SNAPSHOT\org.openhab.core.io.transport.serial.javacomm-3.1.0-SNAPSHOT.jar;C:\Users\poper\.m2\repository\org\openhab\core\bundles\org.openhab.core.io.transport.serial.rxtx\3.1.0-SNAPSHOT\org.openhab.core.io.transport.serial.rxtx-3.1.0-SNAPSHOT.jar;C:\Users\poper\.m2\repository\org\openhab\core\bundles\org.openhab.core.io.transport.serial.rxtx.rfc2217\3.1.0-SNAPSHOT\org.openhab.core.io.transport.serial.rxtx.rfc2217-3.1.0-SNAPSHOT.jar;C:\Users\poper\.m2\repository\commons-net\commons-net\3.7.2\commons-net-3.7.2.jar;C:\Users\poper\.m2\repository\org\openhab\core\bundles\org.openhab.core.io.transport.upnp\3.1.0-SNAPSHOT\org.openhab.core.io.transport.upnp-3.1.0-SNAPSHOT.jar;C:\Users\poper\.m2\repository\org\openhab\core\bundles\org.openhab.core.io.jetty.certificate\3.1.0-SNAPSHOT\org.openhab.core.io.jetty.certificate-3.1.0-SNAPSHOT.jar;C:\Users\poper\.m2\repository\org\bouncycastle\bcpkix-jdk15on\1.52\bcpkix-jdk15on-1.52.jar;C:\Users\poper\.m2\repository\org\bouncycastle\bcprov-jdk15on\1.52\bcprov-jdk15on-1.52.jar;C:\Users\poper\.m2\repository\org\openhab\core\bundles\org.openhab.core.config.core\3.1.0-SNAPSHOT\org.openhab.core.config.core-3.1.0-SNAPSHOT.jar;C:\Users\poper\.m2\repository\org\openhab\core\bundles\org.openhab.core.config.discovery\3.1.0-SNAPSHOT\org.openhab.core.config.discovery-3.1.0-SNAPSHOT.jar;C:\Users\poper\.m2\repository\org\openhab\core\bundles\org.openhab.core.config.discovery.mdns\3.1.0-SNAPSHOT\org.openhab.core.config.discovery.mdns-3.1.0-SNAPSHOT.jar;C:\Users\poper\.m2\repository\org\openhab\core\bundles\org.openhab.core.config.discovery.usbserial\3.1.0-SNAPSHOT\org.openhab.core.config.discovery.usbserial-3.1.0-SNAPSHOT.jar;C:\Users\poper\.m2\repository\org\openhab\core\bundles\org.openhab.core.config.discovery.usbserial.linuxsysfs\3.1.0-SNAPSHOT\org.openhab.core.config.discovery.usbserial.linuxsysfs-3.1.0-SNAPSHOT.jar;C:\Users\poper\.m2\repository\org\openhab\core\bundles\org.openhab.core.config.discovery.upnp\3.1.0-SNAPSHOT\org.openhab.core.config.discovery.upnp-3.1.0-SNAPSHOT.jar;C:\Users\poper\.m2\repository\org\openhab\core\bundles\org.openhab.core.config.dispatch\3.1.0-SNAPSHOT\org.openhab.core.config.dispatch-3.1.0-SNAPSHOT.jar;C:\Users\poper\.m2\repository\org\openhab\core\bundles\org.openhab.core.config.serial\3.1.0-SNAPSHOT\org.openhab.core.config.serial-3.1.0-SNAPSHOT.jar;C:\Users\poper\.m2\repository\org\openhab\core\bundles\org.openhab.core.config.xml\3.1.0-SNAPSHOT\org.openhab.core.config.xml-3.1.0-SNAPSHOT.jar;C:\Users\poper\.m2\repository\org\openhab\core\bundles\org.openhab.core.automation\3.1.0-SNAPSHOT\org.openhab.core.automation-3.1.0-SNAPSHOT.jar;C:\Users\poper\.m2\repository\org\openhab\core\bundles\org.openhab.core.automation.module.script\3.1.0-SNAPSHOT\org.openhab.core.automation.module.script-3.1.0-SNAPSHOT.jar;C:\Users\poper\.m2\repository\org\openhab\core\bundles\org.openhab.core.automation.module.media\3.1.0-SNAPSHOT\org.openhab.core.automation.module.media-3.1.0-SNAPSHOT.jar;C:\Users\poper\.m2\repository\org\openhab\core\bundles\org.openhab.core.automation.module.script.rulesupport\3.1.0-SNAPSHOT\org.openhab.core.automation.module.script.rulesupport-3.1.0-SNAPSHOT.jar;C:\Users\poper\.m2\repository\org\openhab\core\bundles\org.openhab.core.automation.rest\3.1.0-SNAPSHOT\org.openhab.core.automation.rest-3.1.0-SNAPSHOT.jar;C:\Users\poper\.m2\repository\org\openhab\core\bundles\org.openhab.core.model.core\3.1.0-SNAPSHOT\org.openhab.core.model.core-3.1.0-SNAPSHOT.jar;C:\Users\poper\.m2\repository\org\openhab\core\bundles\org.openhab.core.model.sitemap\3.1.0-SNAPSHOT\org.openhab.core.model.sitemap-3.1.0-SNAPSHOT.jar;C:\Users\poper\.m2\repository\org\openhab\core\bundles\org.openhab.core.model.item\3.1.0-SNAPSHOT\org.openhab.core.model.item-3.1.0-SNAPSHOT.jar;C:\Users\poper\.m2\repository\org\openhab\core\bundles\org.openhab.core.model.item.ide\3.1.0-SNAPSHOT\org.openhab.core.model.item.ide-3.1.0-SNAPSHOT.jar;C:\Users\poper\.m2\repository\org\openhab\core\bundles\org.openhab.core.model.item.runtime\3.1.0-SNAPSHOT\org.openhab.core.model.item.runtime-3.1.0-SNAPSHOT.jar;C:\Users\poper\.m2\repository\org\openhab\core\bundles\org.openhab.core.model.persistence\3.1.0-SNAPSHOT\org.openhab.core.model.persistence-3.1.0-SNAPSHOT.jar;C:\Users\poper\.m2\repository\org\openhab\core\bundles\org.openhab.core.model.persistence.ide\3.1.0-SNAPSHOT\org.openhab.core.model.persistence.ide-3.1.0-SNAPSHOT.jar;C:\Users\poper\.m2\repository\org\openhab\core\bundles\org.openhab.core.model.script\3.1.0-SNAPSHOT\org.openhab.core.model.script-3.1.0-SNAPSHOT.jar;C:\Users\poper\.m2\repository\org\openhab\core\bundles\org.openhab.core.model.rule\3.1.0-SNAPSHOT\org.openhab.core.model.rule-3.1.0-SNAPSHOT.jar;C:\Users\poper\.m2\repository\org\openhab\core\bundles\org.openhab.core.model.rule.ide\3.1.0-SNAPSHOT\org.openhab.core.model.rule.ide-3.1.0-SNAPSHOT.jar;C:\Users\poper\.m2\repository\org\openhab\core\bundles\org.openhab.core.model.script.ide\3.1.0-SNAPSHOT\org.openhab.core.model.script.ide-3.1.0-SNAPSHOT.jar;C:\Users\poper\.m2\repository\org\openhab\core\bundles\org.openhab.core.model.sitemap.ide\3.1.0-SNAPSHOT\org.openhab.core.model.sitemap.ide-3.1.0-SNAPSHOT.jar;C:\Users\poper\.m2\repository\org\openhab\core\bundles\org.openhab.core.model.thing\3.1.0-SNAPSHOT\org.openhab.core.model.thing-3.1.0-SNAPSHOT.jar;C:\Users\poper\.m2\repository\org\openhab\core\bundles\org.openhab.core.model.thing.ide\3.1.0-SNAPSHOT\org.openhab.core.model.thing.ide-3.1.0-SNAPSHOT.jar;C:\Users\poper\.m2\repository\org\openhab\core\bundles\org.openhab.core.model.lsp\3.1.0-SNAPSHOT\org.openhab.core.model.lsp-3.1.0-SNAPSHOT.jar;C:\Users\poper\.m2\repository\org\openhab\core\bundles\org.openhab.core.model.persistence.runtime\3.1.0-SNAPSHOT\org.openhab.core.model.persistence.runtime-3.1.0-SNAPSHOT.jar;C:\Users\poper\.m2\repository\org\openhab\core\bundles\org.openhab.core.model.rule.runtime\3.1.0-SNAPSHOT\org.openhab.core.model.rule.runtime-3.1.0-SNAPSHOT.jar;C:\Users\poper\.m2\repository\org\openhab\core\bundles\org.openhab.core.model.script.runtime\3.1.0-SNAPSHOT\org.openhab.core.model.script.runtime-3.1.0-SNAPSHOT.jar;C:\Users\poper\.m2\repository\org\openhab\core\bundles\org.openhab.core.model.sitemap.runtime\3.1.0-SNAPSHOT\org.openhab.core.model.sitemap.runtime-3.1.0-SNAPSHOT.jar;C:\Users\poper\.m2\repository\org\openhab\core\bundles\org.openhab.core.model.thing.runtime\3.1.0-SNAPSHOT\org.openhab.core.model.thing.runtime-3.1.0-SNAPSHOT.jar;C:\Users\poper\.m2\repository\org\openhab\core\bundles\org.openhab.core.ui\3.1.0-SNAPSHOT\org.openhab.core.ui-3.1.0-SNAPSHOT.jar;C:\Users\poper\.m2\repository\org\knowm\xchart\xchart\2.6.1\xchart-2.6.1.jar;C:\Users\poper\.m2\repository\de\erichseifert\vectorgraphics2d\VectorGraphics2D\0.9.3\VectorGraphics2D-0.9.3.jar;C:\Users\poper\.m2\repository\org\openhab\core\bundles\org.openhab.core.ui.icon\3.1.0-SNAPSHOT\org.openhab.core.ui.icon-3.1.0-SNAPSHOT.jar;C:\Users\poper\.m2\repository\org\openhab\core\bundles\org.openhab.core.storage.json\3.1.0-SNAPSHOT\org.openhab.core.storage.json-3.1.0-SNAPSHOT.jar;C:\Users\poper\.m2\repository\com\sun\xml\bind\jaxb-osgi\2.3.3\jaxb-osgi-2.3.3.jar;C:\Users\poper\.m2\repository\com\sun\activation\jakarta.activation\1.2.2\jakarta.activation-1.2.2.jar;C:\Users\poper\.m2\repository\org\hamcrest\hamcrest-library\2.2\hamcrest-library-2.2.jar;C:\Users\poper\.m2\repository\org\hamcrest\hamcrest-core\2.2\hamcrest-core-2.2.jar;C:\Users\poper\.m2\repository\org\hamcrest\hamcrest\2.2\hamcrest-2.2.jar;C:\Users\poper\.m2\repository\org\junit\jupiter\junit-jupiter-api\5.7.0\junit-jupiter-api-5.7.0.jar;C:\Users\poper\.m2\repository\org\apiguardian\apiguardian-api\1.1.0\apiguardian-api-1.1.0.jar;C:\Users\poper\.m2\repository\org\opentest4j\opentest4j\1.2.0\opentest4j-1.2.0.jar;C:\Users\poper\.m2\repository\org\junit\platform\junit-platform-commons\1.7.0\junit-platform-commons-1.7.0.jar;C:\Users\poper\.m2\repository\org\junit\jupiter\junit-jupiter-params\5.7.0\junit-jupiter-params-5.7.0.jar;C:\Users\poper\.m2\repository\org\mockito\mockito-core\3.7.0\mockito-core-3.7.0.jar;C:\Users\poper\.m2\repository\net\bytebuddy\byte-buddy\1.10.19\byte-buddy-1.10.19.jar;C:\Users\poper\.m2\repository\net\bytebuddy\byte-buddy-agent\1.10.19\byte-buddy-agent-1.10.19.jar;C:\Users\poper\.m2\repository\org\objenesis\objenesis\3.1\objenesis-3.1.jar;C:\Users\poper\.m2\repository\org\mockito\mockito-junit-jupiter\3.7.0\mockito-junit-jupiter-3.7.0.jar;C:\Users\poper\.m2\repository\org\slf4j\slf4j-simple\1.7.21\slf4j-simple-1.7.21.jar;C:\Users\poper\.m2\repository\com\jayway\jsonpath\json-path\2.4.0\json-path-2.4.0.jar;C:\Users\poper\.m2\repository\net\minidev\json-smart\2.3\json-smart-2.3.jar;C:\Users\poper\.m2\repository\net\minidev\accessors-smart\1.2\accessors-smart-1.2.jar;C:\Users\poper\.m2\repository\org\ow2\asm\asm\5.0.4\asm-5.0.4.jar;C:\Users\poper\.m2\repository\org\apache\aries\jax\rs\org.apache.aries.jax.rs.whiteboard\1.0.9\org.apache.aries.jax.rs.whiteboard-1.0.9.jar;C:\Users\poper\.m2\repository\org\osgi\org.osgi.service.jaxrs\1.0.0\org.osgi.service.jaxrs-1.0.0.jar;C:\Users\poper\.m2\repository\org\osgi\org.osgi.util.promise\1.1.0\org.osgi.util.promise-1.1.0.jar;C:\Users\poper\.m2\repository\org\osgi\org.osgi.util.function\1.1.0\org.osgi.util.function-1.1.0.jar;C:\Users\poper\.m2\repository\org\apache\aries\jax\rs\cxf\repackage\org.apache.aries.jax.rs.cxf.repackage\1.0.9\org.apache.aries.jax.rs.cxf.repackage-1.0.9.jar;"/>
    <property name="java.vm.vendor" value="AdoptOpenJDK"/>
    <property name="sun.arch.data.model" value="64"/>
    <property name="user.variant" value=""/>
    <property name="java.vendor.url" value="https://adoptopenjdk.net/"/>
    <property name="user.timezone" value="Europe/London"/>
    <property name="java.vm.specification.version" value="11"/>
    <property name="os.name" value="Windows 10"/>
    <property name="sun.java.launcher" value="SUN_STANDARD"/>
    <property name="user.country" value="GB"/>
    <property name="sun.boot.library.path" value="C:\Program Files\AdoptOpenJDK\jdk-11.0.9.101-hotspot\bin"/>
    <property name="skipChecks" value="true"/>
    <property name="sun.java.command" value="C:\Users\poper\AppData\Local\Temp\surefire11426760748040943250\surefirebooter924999050792315025.jar C:\Users\poper\AppData\Local\Temp\surefire11426760748040943250 2021-03-01T21-31-37_838-jvmRun1 surefire6924161849091779839tmp surefire_01010195725285617tmp"/>
    <property name="jdk.debug" value="release"/>
    <property name="surefire.test.class.path" value="C:\Users\poper\Documents\Development\openhab2-addons-broadlink_binding_3.x\bundles\org.openhab.binding.broadlink\target\test-classes;C:\Users\poper\Documents\Development\openhab2-addons-broadlink_binding_3.x\bundles\org.openhab.binding.broadlink\target\classes;C:\Users\poper\.m2\repository\org\lastnpe\eea\eea-all\2.2.1\eea-all-2.2.1.jar;C:\Users\poper\.m2\repository\org\osgi\osgi.core\6.0.0\osgi.core-6.0.0.jar;C:\Users\poper\.m2\repository\org\osgi\osgi.cmpn\7.0.0\osgi.cmpn-7.0.0.jar;C:\Users\poper\.m2\repository\org\osgi\osgi.annotation\7.0.0\osgi.annotation-7.0.0.jar;C:\Users\poper\.m2\repository\org\slf4j\slf4j-api\1.7.21\slf4j-api-1.7.21.jar;C:\Users\poper\.m2\repository\org\eclipse\jdt\org.eclipse.jdt.annotation\2.2.100\org.eclipse.jdt.annotation-2.2.100.jar;C:\Users\poper\.m2\repository\javax\annotation\javax.annotation-api\1.2\javax.annotation-api-1.2.jar;C:\Users\poper\.m2\repository\commons-io\commons-io\2.2\commons-io-2.2.jar;C:\Users\poper\.m2\repository\commons-lang\commons-lang\2.6\commons-lang-2.6.jar;C:\Users\poper\.m2\repository\org\eclipse\californium\californium-core\2.0.0\californium-core-2.0.0.jar;C:\Users\poper\.m2\repository\org\eclipse\californium\scandium\2.0.0\scandium-2.0.0.jar;C:\Users\poper\.m2\repository\org\eclipse\californium\element-connector\2.0.0\element-connector-2.0.0.jar;C:\Users\poper\.m2\repository\org\eclipse\orbit\bundles\com.google.gson\2.8.2.v20180104-1110\com.google.gson-2.8.2.v20180104-1110.jar;C:\Users\poper\.m2\repository\com\igormaznitsa\jbbp\1.4.1\jbbp-1.4.1.jar;C:\Users\poper\.m2\repository\org\eclipse\jetty\jetty-client\9.4.20.v20190813\jetty-client-9.4.20.v20190813.jar;C:\Users\poper\.m2\repository\org\eclipse\jetty\jetty-http\9.4.20.v20190813\jetty-http-9.4.20.v20190813.jar;C:\Users\poper\.m2\repository\org\eclipse\jetty\jetty-io\9.4.20.v20190813\jetty-io-9.4.20.v20190813.jar;C:\Users\poper\.m2\repository\org\eclipse\jetty\jetty-proxy\9.4.20.v20190813\jetty-proxy-9.4.20.v20190813.jar;C:\Users\poper\.m2\repository\org\eclipse\jetty\jetty-util\9.4.20.v20190813\jetty-util-9.4.20.v20190813.jar;C:\Users\poper\.m2\repository\org\eclipse\jetty\jetty-server\9.4.20.v20190813\jetty-server-9.4.20.v20190813.jar;C:\Users\poper\.m2\repository\javax\servlet\javax.servlet-api\3.1.0\javax.servlet-api-3.1.0.jar;C:\Users\poper\.m2\repository\org\eclipse\jetty\jetty-servlet\9.4.20.v20190813\jetty-servlet-9.4.20.v20190813.jar;C:\Users\poper\.m2\repository\org\eclipse\jetty\jetty-security\9.4.20.v20190813\jetty-security-9.4.20.v20190813.jar;C:\Users\poper\.m2\repository\org\eclipse\jetty\websocket\websocket-client\9.4.20.v20190813\websocket-client-9.4.20.v20190813.jar;C:\Users\poper\.m2\repository\org\eclipse\jetty\jetty-xml\9.4.20.v20190813\jetty-xml-9.4.20.v20190813.jar;C:\Users\poper\.m2\repository\org\eclipse\jetty\websocket\websocket-common\9.4.20.v20190813\websocket-common-9.4.20.v20190813.jar;C:\Users\poper\.m2\repository\org\eclipse\jetty\websocket\websocket-api\9.4.20.v20190813\websocket-api-9.4.20.v20190813.jar;C:\Users\poper\.m2\repository\org\jmdns\jmdns\3.5.6\jmdns-3.5.6.jar;C:\Users\poper\.m2\repository\org\jupnp\org.jupnp\2.5.2\org.jupnp-2.5.2.jar;C:\Users\poper\.m2\repository\javax\measure\unit-api\1.0\unit-api-1.0.jar;C:\Users\poper\.m2\repository\tec\uom\uom-se\1.0.10\uom-se-1.0.10.jar;C:\Users\poper\.m2\repository\tec\uom\lib\uom-lib-common\1.0.3\uom-lib-common-1.0.3.jar;C:\Users\poper\.m2\repository\com\hivemq\hivemq-mqtt-client\1.1.2\hivemq-mqtt-client-1.1.2.jar;C:\Users\poper\.m2\repository\io\reactivex\rxjava2\rxjava\2.2.5\rxjava-2.2.5.jar;C:\Users\poper\.m2\repository\org\reactivestreams\reactive-streams\1.0.2\reactive-streams-1.0.2.jar;C:\Users\poper\.m2\repository\io\netty\netty-handler\4.1.32.Final\netty-handler-4.1.32.Final.jar;C:\Users\poper\.m2\repository\io\netty\netty-buffer\4.1.32.Final\netty-buffer-4.1.32.Final.jar;C:\Users\poper\.m2\repository\io\netty\netty-transport\4.1.32.Final\netty-transport-4.1.32.Final.jar;C:\Users\poper\.m2\repository\io\netty\netty-resolver\4.1.32.Final\netty-resolver-4.1.32.Final.jar;C:\Users\poper\.m2\repository\io\netty\netty-codec\4.1.32.Final\netty-codec-4.1.32.Final.jar;C:\Users\poper\.m2\repository\io\netty\netty-codec-http\4.1.32.Final\netty-codec-http-4.1.32.Final.jar;C:\Users\poper\.m2\repository\io\netty\netty-transport-native-epoll\4.1.32.Final\netty-transport-native-epoll-4.1.32.Final-linux-x86_64.jar;C:\Users\poper\.m2\repository\io\netty\netty-common\4.1.32.Final\netty-common-4.1.32.Final.jar;C:\Users\poper\.m2\repository\io\netty\netty-transport-native-unix-common\4.1.32.Final\netty-transport-native-unix-common-4.1.32.Final.jar;C:\Users\poper\.m2\repository\org\jctools\jctools-core\2.1.2\jctools-core-2.1.2.jar;C:\Users\poper\.m2\repository\org\jetbrains\annotations\16.0.3\annotations-16.0.3.jar;C:\Users\poper\.m2\repository\com\google\dagger\dagger\2.20\dagger-2.20.jar;C:\Users\poper\.m2\repository\javax\inject\javax.inject\1\javax.inject-1.jar;C:\Users\poper\.m2\repository\org\vesalainen\comm\javaxcomm\1.0.1\javaxcomm-1.0.1.jar;C:\Users\poper\.m2\repository\org\vesalainen\comm\1.0.2\comm-1.0.2.jar;C:\Users\poper\.m2\repository\org\vesalainen\dev\1.0.0\dev-1.0.0.jar;C:\Users\poper\.m2\repository\org\vesalainen\util\1.0.5\util-1.0.5.jar;C:\Users\poper\.m2\repository\com\googlecode\efficient-java-matrix-library\equation\0.26\equation-0.26.jar;C:\Users\poper\.m2\repository\com\googlecode\efficient-java-matrix-library\core\0.26\core-0.26.jar;C:\Users\poper\.m2\repository\log4j\log4j\1.2.17\log4j-1.2.17.jar;C:\Users\poper\.m2\repository\com\neuronrobotics\nrjavaserial\3.14.0\nrjavaserial-3.14.0.jar;C:\Users\poper\.m2\repository\org\apache\felix\org.apache.felix.http.servlet-api\1.1.2\org.apache.felix.http.servlet-api-1.1.2.jar;C:\Users\poper\.m2\repository\org\apache\tomcat\tomcat-servlet-api\8.0.9\tomcat-servlet-api-8.0.9.jar;C:\Users\poper\.m2\repository\org\apache\aries\spec\org.apache.aries.javax.jax.rs-api\1.0.0\org.apache.aries.javax.jax.rs-api-1.0.0.jar;C:\Users\poper\.m2\repository\org\apache\geronimo\specs\geronimo-osgi-locator\1.0\geronimo-osgi-locator-1.0.jar;C:\Users\poper\.m2\repository\io\swagger\core\v3\swagger-annotations\2.1.0\swagger-annotations-2.1.0.jar;C:\Users\poper\.m2\repository\io\swagger\core\v3\swagger-core\2.1.0\swagger-core-2.1.0.jar;C:\Users\poper\.m2\repository\org\apache\commons\commons-lang3\3.7\commons-lang3-3.7.jar;C:\Users\poper\.m2\repository\com\fasterxml\jackson\core\jackson-annotations\2.10.1\jackson-annotations-2.10.1.jar;C:\Users\poper\.m2\repository\com\fasterxml\jackson\core\jackson-databind\2.10.1\jackson-databind-2.10.1.jar;C:\Users\poper\.m2\repository\com\fasterxml\jackson\core\jackson-core\2.10.1\jackson-core-2.10.1.jar;C:\Users\poper\.m2\repository\com\fasterxml\jackson\dataformat\jackson-dataformat-yaml\2.10.1\jackson-dataformat-yaml-2.10.1.jar;C:\Users\poper\.m2\repository\org\yaml\snakeyaml\1.24\snakeyaml-1.24.jar;C:\Users\poper\.m2\repository\com\fasterxml\jackson\datatype\jackson-datatype-jsr310\2.10.1\jackson-datatype-jsr310-2.10.1.jar;C:\Users\poper\.m2\repository\io\swagger\core\v3\swagger-models\2.1.0\swagger-models-2.1.0.jar;C:\Users\poper\.m2\repository\javax\validation\validation-api\1.1.0.Final\validation-api-1.1.0.Final.jar;C:\Users\poper\.m2\repository\io\swagger\core\v3\swagger-jaxrs2\2.1.0\swagger-jaxrs2-2.1.0.jar;C:\Users\poper\.m2\repository\io\github\classgraph\classgraph\4.6.32\classgraph-4.6.32.jar;C:\Users\poper\.m2\repository\org\javassist\javassist\3.22.0-GA\javassist-3.22.0-GA.jar;C:\Users\poper\.m2\repository\io\swagger\core\v3\swagger-integration\2.1.0\swagger-integration-2.1.0.jar;C:\Users\poper\.m2\repository\com\fasterxml\jackson\jaxrs\jackson-jaxrs-json-provider\2.10.1\jackson-jaxrs-json-provider-2.10.1.jar;C:\Users\poper\.m2\repository\com\fasterxml\jackson\jaxrs\jackson-jaxrs-base\2.10.1\jackson-jaxrs-base-2.10.1.jar;C:\Users\poper\.m2\repository\com\fasterxml\jackson\module\jackson-module-jaxb-annotations\2.10.1\jackson-module-jaxb-annotations-2.10.1.jar;C:\Users\poper\.m2\repository\com\thoughtworks\xstream\xstream\1.4.15\xstream-1.4.15.jar;C:\Users\poper\.m2\repository\xmlpull\xmlpull\1.1.3.1\xmlpull-1.1.3.1.jar;C:\Users\poper\.m2\repository\xpp3\xpp3_min\1.1.4c\xpp3_min-1.1.4c.jar;C:\Users\poper\.m2\repository\de\jollyday\jollyday\0.5.10\jollyday-0.5.10.jar;C:\Users\poper\.m2\repository\org\threeten\threeten-extra\1.5.0\threeten-extra-1.5.0.jar;C:\Users\poper\.m2\repository\jakarta\xml\bind\jakarta.xml.bind-api\2.3.3\jakarta.xml.bind-api-2.3.3.jar;C:\Users\poper\.m2\repository\org\apache\servicemix\specs\org.apache.servicemix.specs.saaj-api-1.4\1.4_2\org.apache.servicemix.specs.saaj-api-1.4-1.4_2.jar;C:\Users\poper\.m2\repository\org\bitbucket\b_c\jose4j\0.7.0\jose4j-0.7.0.jar;C:\Users\poper\.m2\repository\org\openhab\core\bundles\org.openhab.core.test\3.1.0-SNAPSHOT\org.openhab.core.test-3.1.0-SNAPSHOT.jar;C:\Users\poper\.m2\repository\org\openhab\core\bundles\org.openhab.core.test.magic\3.1.0-SNAPSHOT\org.openhab.core.test.magic-3.1.0-SNAPSHOT.jar;C:\Users\poper\.m2\repository\org\openhab\core\bundles\org.openhab.core\3.1.0-SNAPSHOT\org.openhab.core-3.1.0-SNAPSHOT.jar;C:\Users\poper\.m2\repository\org\openhab\core\bundles\org.openhab.core.karaf\3.1.0-SNAPSHOT\org.openhab.core.karaf-3.1.0-SNAPSHOT.jar;C:\Users\poper\.m2\repository\org\openhab\core\bundles\org.openhab.core.thing\3.1.0-SNAPSHOT\org.openhab.core.thing-3.1.0-SNAPSHOT.jar;C:\Users\poper\.m2\repository\org\openhab\core\bundles\org.openhab.core.audio\3.1.0-SNAPSHOT\org.openhab.core.audio-3.1.0-SNAPSHOT.jar;C:\Users\poper\.m2\repository\javazoom\jlayer\1.0.1\jlayer-1.0.1.jar;C:\Users\poper\.m2\repository\org\openhab\core\bundles\org.openhab.core.ephemeris\3.1.0-SNAPSHOT\org.openhab.core.ephemeris-3.1.0-SNAPSHOT.jar;C:\Users\poper\.m2\repository\org\openhab\core\bundles\org.openhab.core.voice\3.1.0-SNAPSHOT\org.openhab.core.voice-3.1.0-SNAPSHOT.jar;C:\Users\poper\.m2\repository\org\openhab\core\bundles\org.openhab.core.binding.xml\3.1.0-SNAPSHOT\org.openhab.core.binding.xml-3.1.0-SNAPSHOT.jar;C:\Users\poper\.m2\repository\org\openhab\core\bundles\org.openhab.core.id\3.1.0-SNAPSHOT\org.openhab.core.id-3.1.0-SNAPSHOT.jar;C:\Users\poper\.m2\repository\org\openhab\core\bundles\org.openhab.core.persistence\3.1.0-SNAPSHOT\org.openhab.core.persistence-3.1.0-SNAPSHOT.jar;C:\Users\poper\.m2\repository\org\openhab\core\bundles\org.openhab.core.semantics\3.1.0-SNAPSHOT\org.openhab.core.semantics-3.1.0-SNAPSHOT.jar;C:\Users\poper\.m2\repository\org\openhab\core\bundles\org.openhab.core.thing.xml\3.1.0-SNAPSHOT\org.openhab.core.thing.xml-3.1.0-SNAPSHOT.jar;C:\Users\poper\.m2\repository\org\openhab\core\bundles\org.openhab.core.transform\3.1.0-SNAPSHOT\org.openhab.core.transform-3.1.0-SNAPSHOT.jar;C:\Users\poper\.m2\repository\org\openhab\core\bundles\org.openhab.core.auth.jaas\3.1.0-SNAPSHOT\org.openhab.core.auth.jaas-3.1.0-SNAPSHOT.jar;C:\Users\poper\.m2\repository\org\openhab\core\bundles\org.openhab.core.auth.oauth2client\3.1.0-SNAPSHOT\org.openhab.core.auth.oauth2client-3.1.0-SNAPSHOT.jar;C:\Users\poper\.m2\repository\org\openhab\core\bundles\org.openhab.core.io.net\3.1.0-SNAPSHOT\org.openhab.core.io.net-3.1.0-SNAPSHOT.jar;C:\Users\poper\.m2\repository\org\openhab\core\bundles\org.openhab.core.io.bin2json\3.1.0-SNAPSHOT\org.openhab.core.io.bin2json-3.1.0-SNAPSHOT.jar;C:\Users\poper\.m2\repository\org\openhab\core\bundles\org.openhab.core.io.console\3.1.0-SNAPSHOT\org.openhab.core.io.console-3.1.0-SNAPSHOT.jar;C:\Users\poper\.m2\repository\org\openhab\core\bundles\org.openhab.core.io.http\3.1.0-SNAPSHOT\org.openhab.core.io.http-3.1.0-SNAPSHOT.jar;C:\Users\poper\.m2\repository\org\openhab\core\bundles\org.openhab.core.io.rest\3.1.0-SNAPSHOT\org.openhab.core.io.rest-3.1.0-SNAPSHOT.jar;C:\Users\poper\.m2\repository\org\openhab\core\bundles\org.openhab.core.io.transport.mdns\3.1.0-SNAPSHOT\org.openhab.core.io.transport.mdns-3.1.0-SNAPSHOT.jar;C:\Users\poper\.m2\repository\org\openhab\core\bundles\org.openhab.core.io.transport.modbus\3.1.0-SNAPSHOT\org.openhab.core.io.transport.modbus-3.1.0-SNAPSHOT.jar;C:\Users\poper\.m2\repository\org\apache\commons\commons-pool2\2.8.1\commons-pool2-2.8.1.jar;C:\Users\poper\.m2\repository\net\wimpi\jamod\1.3.1.OH\jamod-1.3.1.OH.jar;C:\Users\poper\.m2\repository\org\openhab\core\bundles\org.openhab.core.io.transport.serial\3.1.0-SNAPSHOT\org.openhab.core.io.transport.serial-3.1.0-SNAPSHOT.jar;C:\Users\poper\.m2\repository\org\openhab\core\bundles\org.openhab.core.io.console.eclipse\3.1.0-SNAPSHOT\org.openhab.core.io.console.eclipse-3.1.0-SNAPSHOT.jar;C:\Users\poper\.m2\repository\org\openhab\core\bundles\org.openhab.core.io.console.rfc147\3.1.0-SNAPSHOT\org.openhab.core.io.console.rfc147-3.1.0-SNAPSHOT.jar;C:\Users\poper\.m2\repository\org\openhab\core\bundles\org.openhab.core.io.console.karaf\3.1.0-SNAPSHOT\org.openhab.core.io.console.karaf-3.1.0-SNAPSHOT.jar;C:\Users\poper\.m2\repository\org\openhab\core\bundles\org.openhab.core.io.http.auth\3.1.0-SNAPSHOT\org.openhab.core.io.http.auth-3.1.0-SNAPSHOT.jar;C:\Users\poper\.m2\repository\org\openhab\core\bundles\org.openhab.core.io.http.auth.basic\3.1.0-SNAPSHOT\org.openhab.core.io.http.auth.basic-3.1.0-SNAPSHOT.jar;C:\Users\poper\.m2\repository\org\openhab\core\bundles\org.openhab.core.io.monitor\3.1.0-SNAPSHOT\org.openhab.core.io.monitor-3.1.0-SNAPSHOT.jar;C:\Users\poper\.m2\repository\io\micrometer\micrometer-core\1.6.3\micrometer-core-1.6.3.jar;C:\Users\poper\.m2\repository\org\hdrhistogram\HdrHistogram\2.1.12\HdrHistogram-2.1.12.jar;C:\Users\poper\.m2\repository\org\latencyutils\LatencyUtils\2.0.3\LatencyUtils-2.0.3.jar;C:\Users\poper\.m2\repository\org\openhab\core\bundles\org.openhab.core.io.rest.audio\3.1.0-SNAPSHOT\org.openhab.core.io.rest.audio-3.1.0-SNAPSHOT.jar;C:\Users\poper\.m2\repository\org\openhab\core\bundles\org.openhab.core.io.rest.auth\3.1.0-SNAPSHOT\org.openhab.core.io.rest.auth-3.1.0-SNAPSHOT.jar;C:\Users\poper\.m2\repository\org\openhab\core\bundles\org.openhab.core.io.rest.core\3.1.0-SNAPSHOT\org.openhab.core.io.rest.core-3.1.0-SNAPSHOT.jar;C:\Users\poper\.m2\repository\org\openhab\core\bundles\org.openhab.core.io.rest.log\3.1.0-SNAPSHOT\org.openhab.core.io.rest.log-3.1.0-SNAPSHOT.jar;C:\Users\poper\.m2\repository\org\openhab\core\bundles\org.openhab.core.io.rest.mdns\3.1.0-SNAPSHOT\org.openhab.core.io.rest.mdns-3.1.0-SNAPSHOT.jar;C:\Users\poper\.m2\repository\org\openhab\core\bundles\org.openhab.core.io.rest.sitemap\3.1.0-SNAPSHOT\org.openhab.core.io.rest.sitemap-3.1.0-SNAPSHOT.jar;C:\Users\poper\.m2\repository\org\openhab\core\bundles\org.openhab.core.io.rest.sse\3.1.0-SNAPSHOT\org.openhab.core.io.rest.sse-3.1.0-SNAPSHOT.jar;C:\Users\poper\.m2\repository\org\openhab\core\bundles\org.openhab.core.io.rest.swagger\3.1.0-SNAPSHOT\org.openhab.core.io.rest.swagger-3.1.0-SNAPSHOT.jar;C:\Users\poper\.m2\repository\org\openhab\core\bundles\org.openhab.core.io.rest.ui\3.1.0-SNAPSHOT\org.openhab.core.io.rest.ui-3.1.0-SNAPSHOT.jar;C:\Users\poper\.m2\repository\org\openhab\core\bundles\org.openhab.core.io.rest.voice\3.1.0-SNAPSHOT\org.openhab.core.io.rest.voice-3.1.0-SNAPSHOT.jar;C:\Users\poper\.m2\repository\org\openhab\core\bundles\org.openhab.core.io.transport.mqtt\3.1.0-SNAPSHOT\org.openhab.core.io.transport.mqtt-3.1.0-SNAPSHOT.jar;C:\Users\poper\.m2\repository\org\openhab\core\bundles\org.openhab.core.io.transport.serial.javacomm\3.1.0-SNAPSHOT\org.openhab.core.io.transport.serial.javacomm-3.1.0-SNAPSHOT.jar;C:\Users\poper\.m2\repository\org\openhab\core\bundles\org.openhab.core.io.transport.serial.rxtx\3.1.0-SNAPSHOT\org.openhab.core.io.transport.serial.rxtx-3.1.0-SNAPSHOT.jar;C:\Users\poper\.m2\repository\org\openhab\core\bundles\org.openhab.core.io.transport.serial.rxtx.rfc2217\3.1.0-SNAPSHOT\org.openhab.core.io.transport.serial.rxtx.rfc2217-3.1.0-SNAPSHOT.jar;C:\Users\poper\.m2\repository\commons-net\commons-net\3.7.2\commons-net-3.7.2.jar;C:\Users\poper\.m2\repository\org\openhab\core\bundles\org.openhab.core.io.transport.upnp\3.1.0-SNAPSHOT\org.openhab.core.io.transport.upnp-3.1.0-SNAPSHOT.jar;C:\Users\poper\.m2\repository\org\openhab\core\bundles\org.openhab.core.io.jetty.certificate\3.1.0-SNAPSHOT\org.openhab.core.io.jetty.certificate-3.1.0-SNAPSHOT.jar;C:\Users\poper\.m2\repository\org\bouncycastle\bcpkix-jdk15on\1.52\bcpkix-jdk15on-1.52.jar;C:\Users\poper\.m2\repository\org\bouncycastle\bcprov-jdk15on\1.52\bcprov-jdk15on-1.52.jar;C:\Users\poper\.m2\repository\org\openhab\core\bundles\org.openhab.core.config.core\3.1.0-SNAPSHOT\org.openhab.core.config.core-3.1.0-SNAPSHOT.jar;C:\Users\poper\.m2\repository\org\openhab\core\bundles\org.openhab.core.config.discovery\3.1.0-SNAPSHOT\org.openhab.core.config.discovery-3.1.0-SNAPSHOT.jar;C:\Users\poper\.m2\repository\org\openhab\core\bundles\org.openhab.core.config.discovery.mdns\3.1.0-SNAPSHOT\org.openhab.core.config.discovery.mdns-3.1.0-SNAPSHOT.jar;C:\Users\poper\.m2\repository\org\openhab\core\bundles\org.openhab.core.config.discovery.usbserial\3.1.0-SNAPSHOT\org.openhab.core.config.discovery.usbserial-3.1.0-SNAPSHOT.jar;C:\Users\poper\.m2\repository\org\openhab\core\bundles\org.openhab.core.config.discovery.usbserial.linuxsysfs\3.1.0-SNAPSHOT\org.openhab.core.config.discovery.usbserial.linuxsysfs-3.1.0-SNAPSHOT.jar;C:\Users\poper\.m2\repository\org\openhab\core\bundles\org.openhab.core.config.discovery.upnp\3.1.0-SNAPSHOT\org.openhab.core.config.discovery.upnp-3.1.0-SNAPSHOT.jar;C:\Users\poper\.m2\repository\org\openhab\core\bundles\org.openhab.core.config.dispatch\3.1.0-SNAPSHOT\org.openhab.core.config.dispatch-3.1.0-SNAPSHOT.jar;C:\Users\poper\.m2\repository\org\openhab\core\bundles\org.openhab.core.config.serial\3.1.0-SNAPSHOT\org.openhab.core.config.serial-3.1.0-SNAPSHOT.jar;C:\Users\poper\.m2\repository\org\openhab\core\bundles\org.openhab.core.config.xml\3.1.0-SNAPSHOT\org.openhab.core.config.xml-3.1.0-SNAPSHOT.jar;C:\Users\poper\.m2\repository\org\openhab\core\bundles\org.openhab.core.automation\3.1.0-SNAPSHOT\org.openhab.core.automation-3.1.0-SNAPSHOT.jar;C:\Users\poper\.m2\repository\org\openhab\core\bundles\org.openhab.core.automation.module.script\3.1.0-SNAPSHOT\org.openhab.core.automation.module.script-3.1.0-SNAPSHOT.jar;C:\Users\poper\.m2\repository\org\openhab\core\bundles\org.openhab.core.automation.module.media\3.1.0-SNAPSHOT\org.openhab.core.automation.module.media-3.1.0-SNAPSHOT.jar;C:\Users\poper\.m2\repository\org\openhab\core\bundles\org.openhab.core.automation.module.script.rulesupport\3.1.0-SNAPSHOT\org.openhab.core.automation.module.script.rulesupport-3.1.0-SNAPSHOT.jar;C:\Users\poper\.m2\repository\org\openhab\core\bundles\org.openhab.core.automation.rest\3.1.0-SNAPSHOT\org.openhab.core.automation.rest-3.1.0-SNAPSHOT.jar;C:\Users\poper\.m2\repository\org\openhab\core\bundles\org.openhab.core.model.core\3.1.0-SNAPSHOT\org.openhab.core.model.core-3.1.0-SNAPSHOT.jar;C:\Users\poper\.m2\repository\org\openhab\core\bundles\org.openhab.core.model.sitemap\3.1.0-SNAPSHOT\org.openhab.core.model.sitemap-3.1.0-SNAPSHOT.jar;C:\Users\poper\.m2\repository\org\openhab\core\bundles\org.openhab.core.model.item\3.1.0-SNAPSHOT\org.openhab.core.model.item-3.1.0-SNAPSHOT.jar;C:\Users\poper\.m2\repository\org\openhab\core\bundles\org.openhab.core.model.item.ide\3.1.0-SNAPSHOT\org.openhab.core.model.item.ide-3.1.0-SNAPSHOT.jar;C:\Users\poper\.m2\repository\org\openhab\core\bundles\org.openhab.core.model.item.runtime\3.1.0-SNAPSHOT\org.openhab.core.model.item.runtime-3.1.0-SNAPSHOT.jar;C:\Users\poper\.m2\repository\org\openhab\core\bundles\org.openhab.core.model.persistence\3.1.0-SNAPSHOT\org.openhab.core.model.persistence-3.1.0-SNAPSHOT.jar;C:\Users\poper\.m2\repository\org\openhab\core\bundles\org.openhab.core.model.persistence.ide\3.1.0-SNAPSHOT\org.openhab.core.model.persistence.ide-3.1.0-SNAPSHOT.jar;C:\Users\poper\.m2\repository\org\openhab\core\bundles\org.openhab.core.model.script\3.1.0-SNAPSHOT\org.openhab.core.model.script-3.1.0-SNAPSHOT.jar;C:\Users\poper\.m2\repository\org\openhab\core\bundles\org.openhab.core.model.rule\3.1.0-SNAPSHOT\org.openhab.core.model.rule-3.1.0-SNAPSHOT.jar;C:\Users\poper\.m2\repository\org\openhab\core\bundles\org.openhab.core.model.rule.ide\3.1.0-SNAPSHOT\org.openhab.core.model.rule.ide-3.1.0-SNAPSHOT.jar;C:\Users\poper\.m2\repository\org\openhab\core\bundles\org.openhab.core.model.script.ide\3.1.0-SNAPSHOT\org.openhab.core.model.script.ide-3.1.0-SNAPSHOT.jar;C:\Users\poper\.m2\repository\org\openhab\core\bundles\org.openhab.core.model.sitemap.ide\3.1.0-SNAPSHOT\org.openhab.core.model.sitemap.ide-3.1.0-SNAPSHOT.jar;C:\Users\poper\.m2\repository\org\openhab\core\bundles\org.openhab.core.model.thing\3.1.0-SNAPSHOT\org.openhab.core.model.thing-3.1.0-SNAPSHOT.jar;C:\Users\poper\.m2\repository\org\openhab\core\bundles\org.openhab.core.model.thing.ide\3.1.0-SNAPSHOT\org.openhab.core.model.thing.ide-3.1.0-SNAPSHOT.jar;C:\Users\poper\.m2\repository\org\openhab\core\bundles\org.openhab.core.model.lsp\3.1.0-SNAPSHOT\org.openhab.core.model.lsp-3.1.0-SNAPSHOT.jar;C:\Users\poper\.m2\repository\org\openhab\core\bundles\org.openhab.core.model.persistence.runtime\3.1.0-SNAPSHOT\org.openhab.core.model.persistence.runtime-3.1.0-SNAPSHOT.jar;C:\Users\poper\.m2\repository\org\openhab\core\bundles\org.openhab.core.model.rule.runtime\3.1.0-SNAPSHOT\org.openhab.core.model.rule.runtime-3.1.0-SNAPSHOT.jar;C:\Users\poper\.m2\repository\org\openhab\core\bundles\org.openhab.core.model.script.runtime\3.1.0-SNAPSHOT\org.openhab.core.model.script.runtime-3.1.0-SNAPSHOT.jar;C:\Users\poper\.m2\repository\org\openhab\core\bundles\org.openhab.core.model.sitemap.runtime\3.1.0-SNAPSHOT\org.openhab.core.model.sitemap.runtime-3.1.0-SNAPSHOT.jar;C:\Users\poper\.m2\repository\org\openhab\core\bundles\org.openhab.core.model.thing.runtime\3.1.0-SNAPSHOT\org.openhab.core.model.thing.runtime-3.1.0-SNAPSHOT.jar;C:\Users\poper\.m2\repository\org\openhab\core\bundles\org.openhab.core.ui\3.1.0-SNAPSHOT\org.openhab.core.ui-3.1.0-SNAPSHOT.jar;C:\Users\poper\.m2\repository\org\knowm\xchart\xchart\2.6.1\xchart-2.6.1.jar;C:\Users\poper\.m2\repository\de\erichseifert\vectorgraphics2d\VectorGraphics2D\0.9.3\VectorGraphics2D-0.9.3.jar;C:\Users\poper\.m2\repository\org\openhab\core\bundles\org.openhab.core.ui.icon\3.1.0-SNAPSHOT\org.openhab.core.ui.icon-3.1.0-SNAPSHOT.jar;C:\Users\poper\.m2\repository\org\openhab\core\bundles\org.openhab.core.storage.json\3.1.0-SNAPSHOT\org.openhab.core.storage.json-3.1.0-SNAPSHOT.jar;C:\Users\poper\.m2\repository\com\sun\xml\bind\jaxb-osgi\2.3.3\jaxb-osgi-2.3.3.jar;C:\Users\poper\.m2\repository\com\sun\activation\jakarta.activation\1.2.2\jakarta.activation-1.2.2.jar;C:\Users\poper\.m2\repository\org\hamcrest\hamcrest-library\2.2\hamcrest-library-2.2.jar;C:\Users\poper\.m2\repository\org\hamcrest\hamcrest-core\2.2\hamcrest-core-2.2.jar;C:\Users\poper\.m2\repository\org\hamcrest\hamcrest\2.2\hamcrest-2.2.jar;C:\Users\poper\.m2\repository\org\junit\jupiter\junit-jupiter-api\5.7.0\junit-jupiter-api-5.7.0.jar;C:\Users\poper\.m2\repository\org\apiguardian\apiguardian-api\1.1.0\apiguardian-api-1.1.0.jar;C:\Users\poper\.m2\repository\org\opentest4j\opentest4j\1.2.0\opentest4j-1.2.0.jar;C:\Users\poper\.m2\repository\org\junit\platform\junit-platform-commons\1.7.0\junit-platform-commons-1.7.0.jar;C:\Users\poper\.m2\repository\org\junit\jupiter\junit-jupiter-params\5.7.0\junit-jupiter-params-5.7.0.jar;C:\Users\poper\.m2\repository\org\mockito\mockito-core\3.7.0\mockito-core-3.7.0.jar;C:\Users\poper\.m2\repository\net\bytebuddy\byte-buddy\1.10.19\byte-buddy-1.10.19.jar;C:\Users\poper\.m2\repository\net\bytebuddy\byte-buddy-agent\1.10.19\byte-buddy-agent-1.10.19.jar;C:\Users\poper\.m2\repository\org\objenesis\objenesis\3.1\objenesis-3.1.jar;C:\Users\poper\.m2\repository\org\mockito\mockito-junit-jupiter\3.7.0\mockito-junit-jupiter-3.7.0.jar;C:\Users\poper\.m2\repository\org\slf4j\slf4j-simple\1.7.21\slf4j-simple-1.7.21.jar;C:\Users\poper\.m2\repository\com\jayway\jsonpath\json-path\2.4.0\json-path-2.4.0.jar;C:\Users\poper\.m2\repository\net\minidev\json-smart\2.3\json-smart-2.3.jar;C:\Users\poper\.m2\repository\net\minidev\accessors-smart\1.2\accessors-smart-1.2.jar;C:\Users\poper\.m2\repository\org\ow2\asm\asm\5.0.4\asm-5.0.4.jar;C:\Users\poper\.m2\repository\org\apache\aries\jax\rs\org.apache.aries.jax.rs.whiteboard\1.0.9\org.apache.aries.jax.rs.whiteboard-1.0.9.jar;C:\Users\poper\.m2\repository\org\osgi\org.osgi.service.jaxrs\1.0.0\org.osgi.service.jaxrs-1.0.0.jar;C:\Users\poper\.m2\repository\org\osgi\org.osgi.util.promise\1.1.0\org.osgi.util.promise-1.1.0.jar;C:\Users\poper\.m2\repository\org\osgi\org.osgi.util.function\1.1.0\org.osgi.util.function-1.1.0.jar;C:\Users\poper\.m2\repository\org\apache\aries\jax\rs\cxf\repackage\org.apache.aries.jax.rs.cxf.repackage\1.0.9\org.apache.aries.jax.rs.cxf.repackage-1.0.9.jar;"/>
    <property name="sun.cpu.endian" value="little"/>
    <property name="user.home" value="C:\Users\poper"/>
    <property name="user.language" value="en"/>
    <property name="java.specification.vendor" value="Oracle Corporation"/>
    <property name="java.version.date" value="2020-11-04"/>
    <property name="java.home" value="C:\Program Files\AdoptOpenJDK\jdk-11.0.9.101-hotspot"/>
    <property name="file.separator" value="\"/>
    <property name="basedir" value="C:\Users\poper\Documents\Development\openhab2-addons-broadlink_binding_3.x\bundles\org.openhab.binding.broadlink"/>
    <property name="java.vm.compressedOopsMode" value="32-bit"/>
    <property name="line.separator" value="&#10;"/>
    <property name="java.specification.name" value="Java Platform API Specification"/>
    <property name="java.vm.specification.vendor" value="Oracle Corporation"/>
    <property name="java.awt.graphicsenv" value="sun.awt.Win32GraphicsEnvironment"/>
    <property name="surefire.real.class.path" value="C:\Users\poper\AppData\Local\Temp\surefire11426760748040943250\surefirebooter924999050792315025.jar"/>
    <property name="user.script" value=""/>
    <property name="sun.management.compiler" value="HotSpot 64-Bit Tiered Compilers"/>
    <property name="java.runtime.version" value="11.0.9.1+1"/>
    <property name="user.name" value="poper"/>
    <property name="path.separator" value=";"/>
    <property name="os.version" value="10.0"/>
    <property name="java.runtime.name" value="OpenJDK Runtime Environment"/>
    <property name="file.encoding" value="Cp1252"/>
    <property name="java.vm.name" value="OpenJDK 64-Bit Server VM"/>
    <property name="java.vendor.version" value="AdoptOpenJDK"/>
    <property name="localRepository" value="C:\Users\poper\.m2\repository"/>
    <property name="java.vendor.url.bug" value="https://github.com/AdoptOpenJDK/openjdk-support/issues"/>
    <property name="java.io.tmpdir" value="C:\Users\poper\AppData\Local\Temp\"/>
    <property name="java.version" value="11.0.9.1"/>
    <property name="user.dir" value="C:\Users\poper\Documents\Development\openhab2-addons-broadlink_binding_3.x\bundles\org.openhab.binding.broadlink"/>
    <property name="os.arch" value="amd64"/>
    <property name="java.vm.specification.name" value="Java Virtual Machine Specification"/>
    <property name="java.awt.printerjob" value="sun.awt.windows.WPrinterJob"/>
    <property name="sun.os.patch.level" value=""/>
    <property name="java.library.path" value="C:\Program Files\AdoptOpenJDK\jdk-11.0.9.101-hotspot\bin;C:\Windows\Sun\Java\bin;C:\Windows\system32;C:\Windows;C:\Program Files\AdoptOpenJDK\jdk-11.0.9.101-hotspot\bin;C:\Program Files (x86)\Common Files\Oracle\Java\javapath;C:\Windows\system32;C:\Windows;C:\Windows\System32\Wbem;C:\Windows\System32\WindowsPowerShell\v1.0\;C:\Windows\System32\OpenSSH\;C:\Program Files\Git\cmd;C:\Program Files\apache-maven-3.6.3\bin;C:\Program Files\WireGuard\;C:\Users\poper\AppData\Local\Microsoft\WindowsApps;;C:\Users\poper\AppData\Local\Programs\Microsoft VS Code\bin;."/>
    <property name="java.vm.info" value="mixed mode"/>
    <property name="java.vendor" value="AdoptOpenJDK"/>
    <property name="java.vm.version" value="11.0.9.1+1"/>
    <property name="sun.io.unicode.encoding" value="UnicodeLittle"/>
    <property name="java.class.version" value="55.0"/>
  </properties>
  <testcase name="canBuildMessageWithCorrectChecksums" classname="org.openhab.binding.broadlink.internal.BroadlinkProtocolTest" time="0.001"/>
</testsuite>